<?xml version="1.0" encoding="UTF-8"?>
<!-- Generated by org.testng.reporters.JUnitXMLReporter -->
<testsuite ignored="0" hostname="DESKTOP-UA7G0ND" failures="0" tests="2" name="AddRecommendedItems_ReviewProducts" time="95.986" errors="0" timestamp="2024-11-16T13:14:46 IST">
  <testcase classname="AEcommerce_tests.AddRecommendedItems_ReviewOnProductsTest" name="addProductReview" time="55.365"/>
  <testcase classname="AEcommerce_tests.AddRecommendedItems_ReviewOnProductsTest" name="addRecommendedItems" time="30.53"/>
</testsuite> <!-- AddRecommendedItems_ReviewProducts -->
