<?xml version="1.0" encoding="UTF-8"?>
<!-- Generated by org.testng.reporters.JUnitXMLReporter -->
<testsuite ignored="0" hostname="DESKTOP-UA7G0ND" failures="0" tests="2" name="ContactUS" time="112.816" errors="0" timestamp="2024-11-16T13:19:01 IST">
  <testcase classname="AEcommerce_tests.ContactUsForm_SubscriptionTest" name="contactUs" time="56.425"/>
  <testcase classname="AEcommerce_tests.ContactUsForm_SubscriptionTest" name="verifySubscription" time="0.38"/>
</testsuite> <!-- ContactUS -->
