<?xml version="1.0" encoding="UTF-8"?>
<!-- Generated by org.testng.reporters.JUnitXMLReporter -->
<testsuite ignored="0" hostname="DESKTOP-UA7G0ND" failures="0" tests="2" name="LoginIncorrect" time="80.11" errors="0" timestamp="2024-11-16T13:18:55 IST">
  <testcase classname="AEcommerce_tests.LoginIncorrectEmailPasswordTest" name="loginIncorrect" time="11.014"/>
  <testcase classname="AEcommerce_tests.LoginIncorrectEmailPasswordTest" name="registerExistingEmail" time="6.076"/>
</testsuite> <!-- LoginIncorrect -->
