<?xml version="1.0" encoding="UTF-8"?>
<!-- Generated by org.testng.reporters.JUnitXMLReporter -->
<testsuite ignored="0" hostname="DESKTOP-UA7G0ND" failures="0" tests="2" name="ProductCategory_Brand" time="142.353" errors="0" timestamp="2024-11-16T13:17:08 IST">
  <testcase classname="AEcommerce_tests.ViewCategory_BrandProductsTest" name="viewBrandProducts" time="40.036"/>
  <testcase classname="AEcommerce_tests.ViewCategory_BrandProductsTest" name="viewCategoryProducts" time="53.489"/>
</testsuite> <!-- ProductCategory_Brand -->
