<?xml version="1.0" encoding="UTF-8"?>
<!-- Generated by org.testng.reporters.JUnitXMLReporter -->
<testsuite ignored="0" hostname="DESKTOP-UA7G0ND" failures="0" tests="2" name="ScrollFunction" time="96.111" errors="0" timestamp="2024-11-16T13:14:46 IST">
  <testcase classname="AEcommerce_tests.VerifyScrollFunctionTest" name="scrollUpWithArrow" time="2.162"/>
  <testcase classname="AEcommerce_tests.VerifyScrollFunctionTest" name="scrollUpWithoutTheArrow" time="38.768"/>
</testsuite> <!-- ScrollFunction -->
