<?xml version="1.0" encoding="UTF-8"?>
<!-- Generated by org.testng.reporters.JUnitXMLReporter -->
<testsuite ignored="0" hostname="DESKTOP-UA7G0ND" failures="0" tests="2" name="SearchProduct_VerifyCartAfterLogin" time="266.145" errors="0" timestamp="2024-11-16T13:17:35 IST">
  <testcase classname="AEcommerce_tests.SearchProduct_VerifyCartAfterLoginTest" name="removeProduct" time="66.971"/>
  <testcase classname="AEcommerce_tests.SearchProduct_VerifyCartAfterLoginTest" name="searchProduct" time="180.091"/>
</testsuite> <!-- SearchProduct_VerifyCartAfterLogin -->
